Dec  7 11:24:25: access: connection for localhost from ::1 (Mozilla/5.0 (Macintosh; Intel Mac OS X 10_12_3) AppleWebKit/537.36 (KHTML, like Gecko) Chrome/62.0.3202.94 Safari/537.36): 
Dec  7 11:24:25: access: connection for localhost from ::1 (Mozilla/5.0 (Macintosh; Intel Mac OS X 10_12_3) AppleWebKit/537.36 (KHTML, like Gecko) Chrome/62.0.3202.94 Safari/537.36): css/login.css
Dec  7 11:24:29: access: connection for localhost from ::1 (Mozilla/5.0 (Macintosh; Intel Mac OS X 10_12_3) AppleWebKit/537.36 (KHTML, like Gecko) Chrome/62.0.3202.94 Safari/537.36): 
Dec  7 11:24:32: access: connection for localhost from ::1 (Mozilla/5.0 (Macintosh; Intel Mac OS X 10_12_3) AppleWebKit/537.36 (KHTML, like Gecko) Chrome/62.0.3202.94 Safari/537.36): 
Dec  7 11:24:33: access: connection for localhost from ::1 (Mozilla/5.0 (Macintosh; Intel Mac OS X 10_12_3) AppleWebKit/537.36 (KHTML, like Gecko) Chrome/62.0.3202.94 Safari/537.36): event/ENGRD%202700%20Review%20Session
Dec  7 11:24:33: access: connection for localhost from ::1 (Mozilla/5.0 (Macintosh; Intel Mac OS X 10_12_3) AppleWebKit/537.36 (KHTML, like Gecko) Chrome/62.0.3202.94 Safari/537.36): css/coodle.css
Dec  7 11:24:33: access: connection for localhost from ::1 (Mozilla/5.0 (Macintosh; Intel Mac OS X 10_12_3) AppleWebKit/537.36 (KHTML, like Gecko) Chrome/62.0.3202.94 Safari/537.36): Coodle.js
Dec  7 11:24:43: access: connection for localhost from ::1 (Mozilla/5.0 (Macintosh; Intel Mac OS X 10_12_3) AppleWebKit/537.36 (KHTML, like Gecko) Chrome/62.0.3202.94 Safari/537.36): event/ENGRD%202700%20Review%20Session
Dec  7 11:24:43: access: connection for localhost from ::1 (Mozilla/5.0 (Macintosh; Intel Mac OS X 10_12_3) AppleWebKit/537.36 (KHTML, like Gecko) Chrome/62.0.3202.94 Safari/537.36): event/ENGRD%202700%20Review%20Session
Dec  7 11:24:52: access: connection for localhost from ::1 (Mozilla/5.0 (Macintosh; Intel Mac OS X 10_12_3) AppleWebKit/537.36 (KHTML, like Gecko) Chrome/62.0.3202.94 Safari/537.36): css/coodle.css
Dec  7 11:25:31: access: connection for localhost from ::1 (Mozilla/5.0 (Macintosh; Intel Mac OS X 10_12_3) AppleWebKit/537.36 (KHTML, like Gecko) Chrome/62.0.3202.94 Safari/537.36): event/ENGRD%202700%20Review%20Session
Dec  7 11:25:31: access: connection for localhost from ::1 (Mozilla/5.0 (Macintosh; Intel Mac OS X 10_12_3) AppleWebKit/537.36 (KHTML, like Gecko) Chrome/62.0.3202.94 Safari/537.36): css/coodle.css
Dec  7 11:25:31: access: connection for localhost from ::1 (Mozilla/5.0 (Macintosh; Intel Mac OS X 10_12_3) AppleWebKit/537.36 (KHTML, like Gecko) Chrome/62.0.3202.94 Safari/537.36): Coodle.js
Dec  7 11:25:33: access: connection for localhost from ::1 (Mozilla/5.0 (Macintosh; Intel Mac OS X 10_12_3) AppleWebKit/537.36 (KHTML, like Gecko) Chrome/62.0.3202.94 Safari/537.36): 
Dec  7 11:25:36: access: connection for localhost from ::1 (Mozilla/5.0 (Macintosh; Intel Mac OS X 10_12_3) AppleWebKit/537.36 (KHTML, like Gecko) Chrome/62.0.3202.94 Safari/537.36): 
Dec  7 11:25:38: access: connection for localhost from ::1 (Mozilla/5.0 (Macintosh; Intel Mac OS X 10_12_3) AppleWebKit/537.36 (KHTML, like Gecko) Chrome/62.0.3202.94 Safari/537.36): event/ENGRD%202700%20Review%20Session
Dec  7 11:25:38: access: connection for localhost from ::1 (Mozilla/5.0 (Macintosh; Intel Mac OS X 10_12_3) AppleWebKit/537.36 (KHTML, like Gecko) Chrome/62.0.3202.94 Safari/537.36): css/coodle.css
Dec  7 11:26:29: access: connection for localhost from ::1 (Mozilla/5.0 (Macintosh; Intel Mac OS X 10_12_3) AppleWebKit/537.36 (KHTML, like Gecko) Chrome/62.0.3202.94 Safari/537.36): event/ENGRD%202700%20Review%20Session
Dec  7 11:26:29: access: connection for localhost from ::1 (Mozilla/5.0 (Macintosh; Intel Mac OS X 10_12_3) AppleWebKit/537.36 (KHTML, like Gecko) Chrome/62.0.3202.94 Safari/537.36): css/coodle.css
Dec  7 11:26:29: access: connection for localhost from ::1 (Mozilla/5.0 (Macintosh; Intel Mac OS X 10_12_3) AppleWebKit/537.36 (KHTML, like Gecko) Chrome/62.0.3202.94 Safari/537.36): Coodle.js
Dec  7 11:26:31: access: connection for localhost from ::1 (Mozilla/5.0 (Macintosh; Intel Mac OS X 10_12_3) AppleWebKit/537.36 (KHTML, like Gecko) Chrome/62.0.3202.94 Safari/537.36): 
Dec  7 11:26:34: access: connection for localhost from ::1 (Mozilla/5.0 (Macintosh; Intel Mac OS X 10_12_3) AppleWebKit/537.36 (KHTML, like Gecko) Chrome/62.0.3202.94 Safari/537.36): 
Dec  7 11:26:35: access: connection for localhost from ::1 (Mozilla/5.0 (Macintosh; Intel Mac OS X 10_12_3) AppleWebKit/537.36 (KHTML, like Gecko) Chrome/62.0.3202.94 Safari/537.36): event/ENGRD%202700%20Review%20Session
Dec  7 11:26:35: access: connection for localhost from ::1 (Mozilla/5.0 (Macintosh; Intel Mac OS X 10_12_3) AppleWebKit/537.36 (KHTML, like Gecko) Chrome/62.0.3202.94 Safari/537.36): css/coodle.css
Dec  7 11:26:56: access: connection for localhost from ::1 (Mozilla/5.0 (Linux; Android 6.0; Nexus 5 Build/MRA58N) AppleWebKit/537.36 (KHTML, like Gecko) Chrome/62.0.3202.94 Mobile Safari/537.36): event/ENGRD%202700%20Review%20Session
Dec  7 11:26:56: access: connection for localhost from ::1 (Mozilla/5.0 (Linux; Android 6.0; Nexus 5 Build/MRA58N) AppleWebKit/537.36 (KHTML, like Gecko) Chrome/62.0.3202.94 Mobile Safari/537.36): Coodle.js
Dec  7 11:26:56: access: connection for localhost from ::1 (Mozilla/5.0 (Linux; Android 6.0; Nexus 5 Build/MRA58N) AppleWebKit/537.36 (KHTML, like Gecko) Chrome/62.0.3202.94 Mobile Safari/537.36): css/coodle.css
Dec  7 11:27:00: access: connection for localhost from ::1 (Mozilla/5.0 (Macintosh; Intel Mac OS X 10_12_3) AppleWebKit/537.36 (KHTML, like Gecko) Chrome/62.0.3202.94 Safari/537.36): 
Dec  7 11:27:04: access: connection for localhost from ::1 (Mozilla/5.0 (Macintosh; Intel Mac OS X 10_12_3) AppleWebKit/537.36 (KHTML, like Gecko) Chrome/62.0.3202.94 Safari/537.36): 
Dec  7 11:27:06: access: connection for localhost from ::1 (Mozilla/5.0 (Macintosh; Intel Mac OS X 10_12_3) AppleWebKit/537.36 (KHTML, like Gecko) Chrome/62.0.3202.94 Safari/537.36): event/ENGRD%202700%20Review%20Session
Dec  7 11:27:06: access: connection for localhost from ::1 (Mozilla/5.0 (Macintosh; Intel Mac OS X 10_12_3) AppleWebKit/537.36 (KHTML, like Gecko) Chrome/62.0.3202.94 Safari/537.36): css/coodle.css
Dec  7 11:28:40: access: connection for localhost from ::1 (Mozilla/5.0 (Macintosh; Intel Mac OS X 10_12_3) AppleWebKit/537.36 (KHTML, like Gecko) Chrome/62.0.3202.94 Safari/537.36): event/ENGRD%202700%20Review%20Session
Dec  7 11:28:40: access: connection for localhost from ::1 (Mozilla/5.0 (Macintosh; Intel Mac OS X 10_12_3) AppleWebKit/537.36 (KHTML, like Gecko) Chrome/62.0.3202.94 Safari/537.36): event/ENGRD%202700%20Review%20Session
Dec  7 11:28:41: access: connection for localhost from ::1 (Mozilla/5.0 (Macintosh; Intel Mac OS X 10_12_3) AppleWebKit/537.36 (KHTML, like Gecko) Chrome/62.0.3202.94 Safari/537.36): event/ENGRD%202700%20Review%20Session
Dec  7 11:28:41: access: connection for localhost from ::1 (Mozilla/5.0 (Macintosh; Intel Mac OS X 10_12_3) AppleWebKit/537.36 (KHTML, like Gecko) Chrome/62.0.3202.94 Safari/537.36): event/ENGRD%202700%20Review%20Session
Dec  7 11:28:48: access: connection for localhost from ::1 (Mozilla/5.0 (Macintosh; Intel Mac OS X 10_12_3) AppleWebKit/537.36 (KHTML, like Gecko) Chrome/62.0.3202.94 Safari/537.36): event/ENGRD%202700%20Review%20Session
Dec  7 11:28:48: access: connection for localhost from ::1 (Mozilla/5.0 (Macintosh; Intel Mac OS X 10_12_3) AppleWebKit/537.36 (KHTML, like Gecko) Chrome/62.0.3202.94 Safari/537.36): event/ENGRD%202700%20Review%20Session
Dec  7 11:28:56: access: connection for localhost from ::1 (Mozilla/5.0 (Macintosh; Intel Mac OS X 10_12_3) AppleWebKit/537.36 (KHTML, like Gecko) Chrome/62.0.3202.94 Safari/537.36): event/ENGRD%202700%20Review%20Session
Dec  7 11:28:56: access: connection for localhost from ::1 (Mozilla/5.0 (Macintosh; Intel Mac OS X 10_12_3) AppleWebKit/537.36 (KHTML, like Gecko) Chrome/62.0.3202.94 Safari/537.36): event/ENGRD%202700%20Review%20Session
Dec  7 11:35:30: access: connection for localhost from ::1 (Mozilla/5.0 (Macintosh; Intel Mac OS X 10_12_3) AppleWebKit/537.36 (KHTML, like Gecko) Chrome/62.0.3202.94 Safari/537.36): event/ENGRD%202700%20Review%20Session
Dec  7 11:35:30: access: connection for localhost from ::1 (Mozilla/5.0 (Macintosh; Intel Mac OS X 10_12_3) AppleWebKit/537.36 (KHTML, like Gecko) Chrome/62.0.3202.94 Safari/537.36): css/coodle.css
Dec  7 11:35:30: access: connection for localhost from ::1 (Mozilla/5.0 (Macintosh; Intel Mac OS X 10_12_3) AppleWebKit/537.36 (KHTML, like Gecko) Chrome/62.0.3202.94 Safari/537.36): Coodle.js
Dec  7 11:35:31: access: connection for localhost from ::1 (Mozilla/5.0 (Macintosh; Intel Mac OS X 10_12_3) AppleWebKit/537.36 (KHTML, like Gecko) Chrome/62.0.3202.94 Safari/537.36): 
Dec  7 11:35:34: access: connection for localhost from ::1 (Mozilla/5.0 (Macintosh; Intel Mac OS X 10_12_3) AppleWebKit/537.36 (KHTML, like Gecko) Chrome/62.0.3202.94 Safari/537.36): 
Dec  7 11:35:36: access: connection for localhost from ::1 (Mozilla/5.0 (Macintosh; Intel Mac OS X 10_12_3) AppleWebKit/537.36 (KHTML, like Gecko) Chrome/62.0.3202.94 Safari/537.36): event/ENGRD%202700%20Review%20Session
Dec  7 11:35:36: access: connection for localhost from ::1 (Mozilla/5.0 (Macintosh; Intel Mac OS X 10_12_3) AppleWebKit/537.36 (KHTML, like Gecko) Chrome/62.0.3202.94 Safari/537.36): Coodle.js
Dec  7 11:36:22: access: connection for localhost from ::1 (Mozilla/5.0 (Macintosh; Intel Mac OS X 10_12_3) AppleWebKit/537.36 (KHTML, like Gecko) Chrome/62.0.3202.94 Safari/537.36): event/ENGRD%202700%20Review%20Session
Dec  7 11:36:22: access: connection for localhost from ::1 (Mozilla/5.0 (Macintosh; Intel Mac OS X 10_12_3) AppleWebKit/537.36 (KHTML, like Gecko) Chrome/62.0.3202.94 Safari/537.36): css/coodle.css
Dec  7 11:36:22: access: connection for localhost from ::1 (Mozilla/5.0 (Macintosh; Intel Mac OS X 10_12_3) AppleWebKit/537.36 (KHTML, like Gecko) Chrome/62.0.3202.94 Safari/537.36): Coodle.js
Dec  7 11:36:55: access: connection for localhost from ::1 (Mozilla/5.0 (Macintosh; Intel Mac OS X 10_12_3) AppleWebKit/537.36 (KHTML, like Gecko) Chrome/62.0.3202.94 Safari/537.36): 
Dec  7 11:36:59: access: connection for localhost from ::1 (Mozilla/5.0 (Macintosh; Intel Mac OS X 10_12_3) AppleWebKit/537.36 (KHTML, like Gecko) Chrome/62.0.3202.94 Safari/537.36): 
Dec  7 11:37:01: access: connection for localhost from ::1 (Mozilla/5.0 (Macintosh; Intel Mac OS X 10_12_3) AppleWebKit/537.36 (KHTML, like Gecko) Chrome/62.0.3202.94 Safari/537.36): event/ENGRD%202700%20Review%20Session
Dec  7 11:37:01: access: connection for localhost from ::1 (Mozilla/5.0 (Macintosh; Intel Mac OS X 10_12_3) AppleWebKit/537.36 (KHTML, like Gecko) Chrome/62.0.3202.94 Safari/537.36): Coodle.js
Dec  7 11:38:43: access: connection for localhost from ::1 (Mozilla/5.0 (Macintosh; Intel Mac OS X 10_12_3) AppleWebKit/537.36 (KHTML, like Gecko) Chrome/62.0.3202.94 Safari/537.36): css/coodle.css
Dec  7 11:41:07: access: connection for localhost from ::1 (Mozilla/5.0 (Macintosh; Intel Mac OS X 10_12_3) AppleWebKit/537.36 (KHTML, like Gecko) Chrome/62.0.3202.94 Safari/537.36): event/ENGRD%202700%20Review%20Session
Dec  7 11:41:07: access: connection for localhost from ::1 (Mozilla/5.0 (Macintosh; Intel Mac OS X 10_12_3) AppleWebKit/537.36 (KHTML, like Gecko) Chrome/62.0.3202.94 Safari/537.36): css/coodle.css
Dec  7 11:41:07: access: connection for localhost from ::1 (Mozilla/5.0 (Macintosh; Intel Mac OS X 10_12_3) AppleWebKit/537.36 (KHTML, like Gecko) Chrome/62.0.3202.94 Safari/537.36): Coodle.js
Dec  7 11:41:08: access: connection for localhost from ::1 (Mozilla/5.0 (Macintosh; Intel Mac OS X 10_12_3) AppleWebKit/537.36 (KHTML, like Gecko) Chrome/62.0.3202.94 Safari/537.36): 
Dec  7 11:41:13: access: connection for localhost from ::1 (Mozilla/5.0 (Macintosh; Intel Mac OS X 10_12_3) AppleWebKit/537.36 (KHTML, like Gecko) Chrome/62.0.3202.94 Safari/537.36): 
Dec  7 11:41:15: access: connection for localhost from ::1 (Mozilla/5.0 (Macintosh; Intel Mac OS X 10_12_3) AppleWebKit/537.36 (KHTML, like Gecko) Chrome/62.0.3202.94 Safari/537.36): event/random%20test
Dec  7 11:41:15: access: connection for localhost from ::1 (Mozilla/5.0 (Macintosh; Intel Mac OS X 10_12_3) AppleWebKit/537.36 (KHTML, like Gecko) Chrome/62.0.3202.94 Safari/537.36): css/coodle.css
Dec  7 11:41:19: access: connection for localhost from ::1 (Mozilla/5.0 (Macintosh; Intel Mac OS X 10_12_3) AppleWebKit/537.36 (KHTML, like Gecko) Chrome/62.0.3202.94 Safari/537.36): event/random%20test
Dec  7 11:41:19: access: connection for localhost from ::1 (Mozilla/5.0 (Macintosh; Intel Mac OS X 10_12_3) AppleWebKit/537.36 (KHTML, like Gecko) Chrome/62.0.3202.94 Safari/537.36): event/random%20test
Dec  7 11:44:37: access: connection for localhost from ::1 (Mozilla/5.0 (Macintosh; Intel Mac OS X 10_12_3) AppleWebKit/537.36 (KHTML, like Gecko) Chrome/62.0.3202.94 Safari/537.36): event/random%20test
Dec  7 11:44:37: access: connection for localhost from ::1 (Mozilla/5.0 (Macintosh; Intel Mac OS X 10_12_3) AppleWebKit/537.36 (KHTML, like Gecko) Chrome/62.0.3202.94 Safari/537.36): css/coodle.css
Dec  7 11:44:37: access: connection for localhost from ::1 (Mozilla/5.0 (Macintosh; Intel Mac OS X 10_12_3) AppleWebKit/537.36 (KHTML, like Gecko) Chrome/62.0.3202.94 Safari/537.36): Coodle.js
Dec  7 11:44:39: access: connection for localhost from ::1 (Mozilla/5.0 (Macintosh; Intel Mac OS X 10_12_3) AppleWebKit/537.36 (KHTML, like Gecko) Chrome/62.0.3202.94 Safari/537.36): 
Dec  7 11:44:42: access: connection for localhost from ::1 (Mozilla/5.0 (Macintosh; Intel Mac OS X 10_12_3) AppleWebKit/537.36 (KHTML, like Gecko) Chrome/62.0.3202.94 Safari/537.36): 
Dec  7 11:44:44: access: connection for localhost from ::1 (Mozilla/5.0 (Macintosh; Intel Mac OS X 10_12_3) AppleWebKit/537.36 (KHTML, like Gecko) Chrome/62.0.3202.94 Safari/537.36): event/random%20test
Dec  7 11:44:44: access: connection for localhost from ::1 (Mozilla/5.0 (Macintosh; Intel Mac OS X 10_12_3) AppleWebKit/537.36 (KHTML, like Gecko) Chrome/62.0.3202.94 Safari/537.36): css/coodle.css
Dec  7 11:46:04: access: connection for localhost from ::1 (Mozilla/5.0 (Macintosh; Intel Mac OS X 10_12_3) AppleWebKit/537.36 (KHTML, like Gecko) Chrome/62.0.3202.94 Safari/537.36): event/random%20test
Dec  7 11:46:04: access: connection for localhost from ::1 (Mozilla/5.0 (Macintosh; Intel Mac OS X 10_12_3) AppleWebKit/537.36 (KHTML, like Gecko) Chrome/62.0.3202.94 Safari/537.36): css/coodle.css
Dec  7 11:46:04: access: connection for localhost from ::1 (Mozilla/5.0 (Macintosh; Intel Mac OS X 10_12_3) AppleWebKit/537.36 (KHTML, like Gecko) Chrome/62.0.3202.94 Safari/537.36): Coodle.js
Dec  7 11:46:05: access: connection for localhost from ::1 (Mozilla/5.0 (Macintosh; Intel Mac OS X 10_12_3) AppleWebKit/537.36 (KHTML, like Gecko) Chrome/62.0.3202.94 Safari/537.36): 
Dec  7 11:46:10: access: connection for localhost from ::1 (Mozilla/5.0 (Macintosh; Intel Mac OS X 10_12_3) AppleWebKit/537.36 (KHTML, like Gecko) Chrome/62.0.3202.94 Safari/537.36): 
Dec  7 11:46:13: access: connection for localhost from ::1 (Mozilla/5.0 (Macintosh; Intel Mac OS X 10_12_3) AppleWebKit/537.36 (KHTML, like Gecko) Chrome/62.0.3202.94 Safari/537.36): event/random%20test
Dec  7 11:46:13: access: connection for localhost from ::1 (Mozilla/5.0 (Macintosh; Intel Mac OS X 10_12_3) AppleWebKit/537.36 (KHTML, like Gecko) Chrome/62.0.3202.94 Safari/537.36): css/coodle.css
Dec  7 11:47:09: access: connection for localhost from ::1 (Mozilla/5.0 (Macintosh; Intel Mac OS X 10_12_3) AppleWebKit/537.36 (KHTML, like Gecko) Chrome/62.0.3202.94 Safari/537.36): event/random%20test
Dec  7 11:47:09: access: connection for localhost from ::1 (Mozilla/5.0 (Macintosh; Intel Mac OS X 10_12_3) AppleWebKit/537.36 (KHTML, like Gecko) Chrome/62.0.3202.94 Safari/537.36): Coodle.js
Dec  7 11:47:09: access: connection for localhost from ::1 (Mozilla/5.0 (Macintosh; Intel Mac OS X 10_12_3) AppleWebKit/537.36 (KHTML, like Gecko) Chrome/62.0.3202.94 Safari/537.36): css/coodle.css
Dec  7 11:47:11: access: connection for localhost from ::1 (Mozilla/5.0 (Macintosh; Intel Mac OS X 10_12_3) AppleWebKit/537.36 (KHTML, like Gecko) Chrome/62.0.3202.94 Safari/537.36): 
Dec  7 11:47:13: access: connection for localhost from ::1 (Mozilla/5.0 (Macintosh; Intel Mac OS X 10_12_3) AppleWebKit/537.36 (KHTML, like Gecko) Chrome/62.0.3202.94 Safari/537.36): 
Dec  7 11:47:15: access: connection for localhost from ::1 (Mozilla/5.0 (Macintosh; Intel Mac OS X 10_12_3) AppleWebKit/537.36 (KHTML, like Gecko) Chrome/62.0.3202.94 Safari/537.36): event/random%20test
Dec  7 11:47:15: access: connection for localhost from ::1 (Mozilla/5.0 (Macintosh; Intel Mac OS X 10_12_3) AppleWebKit/537.36 (KHTML, like Gecko) Chrome/62.0.3202.94 Safari/537.36): css/coodle.css
Dec  7 11:48:56: access: connection for localhost from ::1 (Mozilla/5.0 (Macintosh; Intel Mac OS X 10_12_3) AppleWebKit/537.36 (KHTML, like Gecko) Chrome/62.0.3202.94 Safari/537.36): event/random%20test
Dec  7 11:48:56: access: connection for localhost from ::1 (Mozilla/5.0 (Macintosh; Intel Mac OS X 10_12_3) AppleWebKit/537.36 (KHTML, like Gecko) Chrome/62.0.3202.94 Safari/537.36): css/coodle.css
Dec  7 11:48:56: access: connection for localhost from ::1 (Mozilla/5.0 (Macintosh; Intel Mac OS X 10_12_3) AppleWebKit/537.36 (KHTML, like Gecko) Chrome/62.0.3202.94 Safari/537.36): Coodle.js
Dec  7 11:48:58: access: connection for localhost from ::1 (Mozilla/5.0 (Macintosh; Intel Mac OS X 10_12_3) AppleWebKit/537.36 (KHTML, like Gecko) Chrome/62.0.3202.94 Safari/537.36): 
Dec  7 11:49:01: access: connection for localhost from ::1 (Mozilla/5.0 (Macintosh; Intel Mac OS X 10_12_3) AppleWebKit/537.36 (KHTML, like Gecko) Chrome/62.0.3202.94 Safari/537.36): 
Dec  7 11:49:03: access: connection for localhost from ::1 (Mozilla/5.0 (Macintosh; Intel Mac OS X 10_12_3) AppleWebKit/537.36 (KHTML, like Gecko) Chrome/62.0.3202.94 Safari/537.36): event/random%20test
Dec  7 11:49:03: access: connection for localhost from ::1 (Mozilla/5.0 (Macintosh; Intel Mac OS X 10_12_3) AppleWebKit/537.36 (KHTML, like Gecko) Chrome/62.0.3202.94 Safari/537.36): css/coodle.css
Dec  7 11:51:39: access: connection for localhost from ::1 (Mozilla/5.0 (Macintosh; Intel Mac OS X 10_12_3) AppleWebKit/537.36 (KHTML, like Gecko) Chrome/62.0.3202.94 Safari/537.36): event/random%20test
Dec  7 11:51:39: access: connection for localhost from ::1 (Mozilla/5.0 (Macintosh; Intel Mac OS X 10_12_3) AppleWebKit/537.36 (KHTML, like Gecko) Chrome/62.0.3202.94 Safari/537.36): css/coodle.css
Dec  7 11:51:39: access: connection for localhost from ::1 (Mozilla/5.0 (Macintosh; Intel Mac OS X 10_12_3) AppleWebKit/537.36 (KHTML, like Gecko) Chrome/62.0.3202.94 Safari/537.36): Coodle.js
Dec  7 11:51:54: access: connection for localhost from ::1 (Mozilla/5.0 (Macintosh; Intel Mac OS X 10_12_3) AppleWebKit/537.36 (KHTML, like Gecko) Chrome/62.0.3202.94 Safari/537.36): event/random%20test
Dec  7 11:51:54: access: connection for localhost from ::1 (Mozilla/5.0 (Macintosh; Intel Mac OS X 10_12_3) AppleWebKit/537.36 (KHTML, like Gecko) Chrome/62.0.3202.94 Safari/537.36): css/coodle.css
Dec  7 11:51:55: access: connection for localhost from ::1 (Mozilla/5.0 (Macintosh; Intel Mac OS X 10_12_3) AppleWebKit/537.36 (KHTML, like Gecko) Chrome/62.0.3202.94 Safari/537.36): 
Dec  7 11:51:57: access: connection for localhost from ::1 (Mozilla/5.0 (Macintosh; Intel Mac OS X 10_12_3) AppleWebKit/537.36 (KHTML, like Gecko) Chrome/62.0.3202.94 Safari/537.36): 
Dec  7 11:51:59: access: connection for localhost from ::1 (Mozilla/5.0 (Macintosh; Intel Mac OS X 10_12_3) AppleWebKit/537.36 (KHTML, like Gecko) Chrome/62.0.3202.94 Safari/537.36): event/random%20test
Dec  7 11:52:00: access: connection for localhost from ::1 (Mozilla/5.0 (Macintosh; Intel Mac OS X 10_12_3) AppleWebKit/537.36 (KHTML, like Gecko) Chrome/62.0.3202.94 Safari/537.36): css/coodle.css
Dec  7 11:52:01: access: connection for localhost from ::1 (Mozilla/5.0 (Macintosh; Intel Mac OS X 10_12_3) AppleWebKit/537.36 (KHTML, like Gecko) Chrome/62.0.3202.94 Safari/537.36): event/random%20test
Dec  7 11:52:01: access: connection for localhost from ::1 (Mozilla/5.0 (Macintosh; Intel Mac OS X 10_12_3) AppleWebKit/537.36 (KHTML, like Gecko) Chrome/62.0.3202.94 Safari/537.36): event/random%20test
Dec  7 11:53:21: access: connection for localhost from ::1 (Mozilla/5.0 (Macintosh; Intel Mac OS X 10_12_3) AppleWebKit/537.36 (KHTML, like Gecko) Chrome/62.0.3202.94 Safari/537.36): event/random%20test
Dec  7 11:53:21: access: connection for localhost from ::1 (Mozilla/5.0 (Macintosh; Intel Mac OS X 10_12_3) AppleWebKit/537.36 (KHTML, like Gecko) Chrome/62.0.3202.94 Safari/537.36): event/random%20test
Dec  7 11:53:22: access: connection for localhost from ::1 (Mozilla/5.0 (Macintosh; Intel Mac OS X 10_12_3) AppleWebKit/537.36 (KHTML, like Gecko) Chrome/62.0.3202.94 Safari/537.36): event/random%20test
Dec  7 11:53:22: access: connection for localhost from ::1 (Mozilla/5.0 (Macintosh; Intel Mac OS X 10_12_3) AppleWebKit/537.36 (KHTML, like Gecko) Chrome/62.0.3202.94 Safari/537.36): event/random%20test
Dec  7 11:53:23: access: connection for localhost from ::1 (Mozilla/5.0 (Macintosh; Intel Mac OS X 10_12_3) AppleWebKit/537.36 (KHTML, like Gecko) Chrome/62.0.3202.94 Safari/537.36): event/random%20test
Dec  7 11:53:23: access: connection for localhost from ::1 (Mozilla/5.0 (Macintosh; Intel Mac OS X 10_12_3) AppleWebKit/537.36 (KHTML, like Gecko) Chrome/62.0.3202.94 Safari/537.36): event/random%20test
Dec  7 11:53:23: access: connection for localhost from ::1 (Mozilla/5.0 (Macintosh; Intel Mac OS X 10_12_3) AppleWebKit/537.36 (KHTML, like Gecko) Chrome/62.0.3202.94 Safari/537.36): event/random%20test
Dec  7 11:53:23: access: connection for localhost from ::1 (Mozilla/5.0 (Macintosh; Intel Mac OS X 10_12_3) AppleWebKit/537.36 (KHTML, like Gecko) Chrome/62.0.3202.94 Safari/537.36): event/random%20test
Dec  7 11:53:24: access: connection for localhost from ::1 (Mozilla/5.0 (Macintosh; Intel Mac OS X 10_12_3) AppleWebKit/537.36 (KHTML, like Gecko) Chrome/62.0.3202.94 Safari/537.36): event/random%20test
Dec  7 11:53:24: access: connection for localhost from ::1 (Mozilla/5.0 (Macintosh; Intel Mac OS X 10_12_3) AppleWebKit/537.36 (KHTML, like Gecko) Chrome/62.0.3202.94 Safari/537.36): event/random%20test
Dec  7 11:53:24: access: connection for localhost from ::1 (Mozilla/5.0 (Macintosh; Intel Mac OS X 10_12_3) AppleWebKit/537.36 (KHTML, like Gecko) Chrome/62.0.3202.94 Safari/537.36): event/random%20test
Dec  7 11:53:24: access: connection for localhost from ::1 (Mozilla/5.0 (Macintosh; Intel Mac OS X 10_12_3) AppleWebKit/537.36 (KHTML, like Gecko) Chrome/62.0.3202.94 Safari/537.36): event/random%20test
Dec  7 11:53:25: access: connection for localhost from ::1 (Mozilla/5.0 (Macintosh; Intel Mac OS X 10_12_3) AppleWebKit/537.36 (KHTML, like Gecko) Chrome/62.0.3202.94 Safari/537.36): event/random%20test
Dec  7 11:53:25: access: connection for localhost from ::1 (Mozilla/5.0 (Macintosh; Intel Mac OS X 10_12_3) AppleWebKit/537.36 (KHTML, like Gecko) Chrome/62.0.3202.94 Safari/537.36): event/random%20test
Dec  7 11:53:31: access: connection for localhost from ::1 (Mozilla/5.0 (Macintosh; Intel Mac OS X 10_12_3) AppleWebKit/537.36 (KHTML, like Gecko) Chrome/62.0.3202.94 Safari/537.36): event/random%20test
Dec  7 11:53:31: access: connection for localhost from ::1 (Mozilla/5.0 (Macintosh; Intel Mac OS X 10_12_3) AppleWebKit/537.36 (KHTML, like Gecko) Chrome/62.0.3202.94 Safari/537.36): event/random%20test
Dec  7 12:03:30: access: connection for localhost from ::1 (Mozilla/5.0 (Macintosh; Intel Mac OS X 10_12_3) AppleWebKit/537.36 (KHTML, like Gecko) Chrome/62.0.3202.94 Safari/537.36): event/random%20test
Dec  7 12:03:30: access: connection for localhost from ::1 (Mozilla/5.0 (Macintosh; Intel Mac OS X 10_12_3) AppleWebKit/537.36 (KHTML, like Gecko) Chrome/62.0.3202.94 Safari/537.36): css/coodle.css
Dec  7 12:03:30: access: connection for localhost from ::1 (Mozilla/5.0 (Macintosh; Intel Mac OS X 10_12_3) AppleWebKit/537.36 (KHTML, like Gecko) Chrome/62.0.3202.94 Safari/537.36): Coodle.js
Dec  7 12:03:31: access: connection for localhost from ::1 (Mozilla/5.0 (Macintosh; Intel Mac OS X 10_12_3) AppleWebKit/537.36 (KHTML, like Gecko) Chrome/62.0.3202.94 Safari/537.36): 
Dec  7 12:03:33: access: connection for localhost from ::1 (Mozilla/5.0 (Macintosh; Intel Mac OS X 10_12_3) AppleWebKit/537.36 (KHTML, like Gecko) Chrome/62.0.3202.94 Safari/537.36): 
Dec  7 12:03:35: access: connection for localhost from ::1 (Mozilla/5.0 (Macintosh; Intel Mac OS X 10_12_3) AppleWebKit/537.36 (KHTML, like Gecko) Chrome/62.0.3202.94 Safari/537.36): event/ENGRD%202700%20Review%20Session
Dec  7 12:03:35: access: connection for localhost from ::1 (Mozilla/5.0 (Macintosh; Intel Mac OS X 10_12_3) AppleWebKit/537.36 (KHTML, like Gecko) Chrome/62.0.3202.94 Safari/537.36): Coodle.js
Dec  7 12:03:37: access: connection for localhost from ::1 (Mozilla/5.0 (Macintosh; Intel Mac OS X 10_12_3) AppleWebKit/537.36 (KHTML, like Gecko) Chrome/62.0.3202.94 Safari/537.36): event/ENGRD%202700%20Review%20Session
Dec  7 12:03:38: access: connection for localhost from ::1 (Mozilla/5.0 (Macintosh; Intel Mac OS X 10_12_3) AppleWebKit/537.36 (KHTML, like Gecko) Chrome/62.0.3202.94 Safari/537.36): event/ENGRD%202700%20Review%20Session
Dec  7 12:03:38: access: connection for localhost from ::1 (Mozilla/5.0 (Macintosh; Intel Mac OS X 10_12_3) AppleWebKit/537.36 (KHTML, like Gecko) Chrome/62.0.3202.94 Safari/537.36): event/ENGRD%202700%20Review%20Session
Dec  7 12:03:38: access: connection for localhost from ::1 (Mozilla/5.0 (Macintosh; Intel Mac OS X 10_12_3) AppleWebKit/537.36 (KHTML, like Gecko) Chrome/62.0.3202.94 Safari/537.36): event/ENGRD%202700%20Review%20Session
Dec  7 12:03:38: access: connection for localhost from ::1 (Mozilla/5.0 (Macintosh; Intel Mac OS X 10_12_3) AppleWebKit/537.36 (KHTML, like Gecko) Chrome/62.0.3202.94 Safari/537.36): event/ENGRD%202700%20Review%20Session
Dec  7 12:03:38: access: connection for localhost from ::1 (Mozilla/5.0 (Macintosh; Intel Mac OS X 10_12_3) AppleWebKit/537.36 (KHTML, like Gecko) Chrome/62.0.3202.94 Safari/537.36): event/ENGRD%202700%20Review%20Session
Dec  7 12:03:39: access: connection for localhost from ::1 (Mozilla/5.0 (Macintosh; Intel Mac OS X 10_12_3) AppleWebKit/537.36 (KHTML, like Gecko) Chrome/62.0.3202.94 Safari/537.36): event/ENGRD%202700%20Review%20Session
Dec  7 12:03:39: access: connection for localhost from ::1 (Mozilla/5.0 (Macintosh; Intel Mac OS X 10_12_3) AppleWebKit/537.36 (KHTML, like Gecko) Chrome/62.0.3202.94 Safari/537.36): event/ENGRD%202700%20Review%20Session
Dec  7 12:03:39: access: connection for localhost from ::1 (Mozilla/5.0 (Macintosh; Intel Mac OS X 10_12_3) AppleWebKit/537.36 (KHTML, like Gecko) Chrome/62.0.3202.94 Safari/537.36): event/ENGRD%202700%20Review%20Session
Dec  7 12:03:39: access: connection for localhost from ::1 (Mozilla/5.0 (Macintosh; Intel Mac OS X 10_12_3) AppleWebKit/537.36 (KHTML, like Gecko) Chrome/62.0.3202.94 Safari/537.36): event/ENGRD%202700%20Review%20Session
Dec  7 12:03:40: access: connection for localhost from ::1 (Mozilla/5.0 (Macintosh; Intel Mac OS X 10_12_3) AppleWebKit/537.36 (KHTML, like Gecko) Chrome/62.0.3202.94 Safari/537.36): event/ENGRD%202700%20Review%20Session
Dec  7 12:03:40: access: connection for localhost from ::1 (Mozilla/5.0 (Macintosh; Intel Mac OS X 10_12_3) AppleWebKit/537.36 (KHTML, like Gecko) Chrome/62.0.3202.94 Safari/537.36): event/ENGRD%202700%20Review%20Session
Dec  7 12:03:41: access: connection for localhost from ::1 (Mozilla/5.0 (Macintosh; Intel Mac OS X 10_12_3) AppleWebKit/537.36 (KHTML, like Gecko) Chrome/62.0.3202.94 Safari/537.36): event/ENGRD%202700%20Review%20Session
Dec  7 12:03:41: access: connection for localhost from ::1 (Mozilla/5.0 (Macintosh; Intel Mac OS X 10_12_3) AppleWebKit/537.36 (KHTML, like Gecko) Chrome/62.0.3202.94 Safari/537.36): event/ENGRD%202700%20Review%20Session
Dec  7 12:03:54: access: connection for localhost from ::1 (Mozilla/5.0 (Macintosh; Intel Mac OS X 10_12_3) AppleWebKit/537.36 (KHTML, like Gecko) Chrome/62.0.3202.94 Safari/537.36): event/ENGRD%202700%20Review%20Session
Dec  7 12:03:54: access: connection for localhost from ::1 (Mozilla/5.0 (Macintosh; Intel Mac OS X 10_12_3) AppleWebKit/537.36 (KHTML, like Gecko) Chrome/62.0.3202.94 Safari/537.36): Coodle.js
Dec  7 12:03:58: access: connection for localhost from ::1 (Mozilla/5.0 (Macintosh; Intel Mac OS X 10_12_3) AppleWebKit/537.36 (KHTML, like Gecko) Chrome/62.0.3202.94 Safari/537.36): event/ENGRD%202700%20Review%20Session
Dec  7 12:03:58: access: connection for localhost from ::1 (Mozilla/5.0 (Macintosh; Intel Mac OS X 10_12_3) AppleWebKit/537.36 (KHTML, like Gecko) Chrome/62.0.3202.94 Safari/537.36): event/ENGRD%202700%20Review%20Session
Dec  7 12:03:58: access: connection for localhost from ::1 (Mozilla/5.0 (Macintosh; Intel Mac OS X 10_12_3) AppleWebKit/537.36 (KHTML, like Gecko) Chrome/62.0.3202.94 Safari/537.36): event/ENGRD%202700%20Review%20Session
Dec  7 12:03:58: access: connection for localhost from ::1 (Mozilla/5.0 (Macintosh; Intel Mac OS X 10_12_3) AppleWebKit/537.36 (KHTML, like Gecko) Chrome/62.0.3202.94 Safari/537.36): event/ENGRD%202700%20Review%20Session
Dec  7 12:04:01: access: connection for localhost from ::1 (Mozilla/5.0 (Macintosh; Intel Mac OS X 10_12_3) AppleWebKit/537.36 (KHTML, like Gecko) Chrome/62.0.3202.94 Safari/537.36): event/ENGRD%202700%20Review%20Session
Dec  7 12:04:01: access: connection for localhost from ::1 (Mozilla/5.0 (Macintosh; Intel Mac OS X 10_12_3) AppleWebKit/537.36 (KHTML, like Gecko) Chrome/62.0.3202.94 Safari/537.36): event/ENGRD%202700%20Review%20Session
Dec  7 12:04:03: access: connection for localhost from ::1 (Mozilla/5.0 (Macintosh; Intel Mac OS X 10_12_3) AppleWebKit/537.36 (KHTML, like Gecko) Chrome/62.0.3202.94 Safari/537.36): event/ENGRD%202700%20Review%20Session
Dec  7 12:04:03: access: connection for localhost from ::1 (Mozilla/5.0 (Macintosh; Intel Mac OS X 10_12_3) AppleWebKit/537.36 (KHTML, like Gecko) Chrome/62.0.3202.94 Safari/537.36): Coodle.js
Dec  7 12:04:25: access: connection for localhost from ::1 (Mozilla/5.0 (Macintosh; Intel Mac OS X 10_12_3) AppleWebKit/537.36 (KHTML, like Gecko) Chrome/62.0.3202.94 Safari/537.36): event/ENGRD%202700%20Review%20Session
Dec  7 12:04:25: access: connection for localhost from ::1 (Mozilla/5.0 (Macintosh; Intel Mac OS X 10_12_3) AppleWebKit/537.36 (KHTML, like Gecko) Chrome/62.0.3202.94 Safari/537.36): event/ENGRD%202700%20Review%20Session
Dec  7 12:04:27: access: connection for localhost from ::1 (Mozilla/5.0 (Macintosh; Intel Mac OS X 10_12_3) AppleWebKit/537.36 (KHTML, like Gecko) Chrome/62.0.3202.94 Safari/537.36): event/ENGRD%202700%20Review%20Session
Dec  7 12:04:27: access: connection for localhost from ::1 (Mozilla/5.0 (Macintosh; Intel Mac OS X 10_12_3) AppleWebKit/537.36 (KHTML, like Gecko) Chrome/62.0.3202.94 Safari/537.36): event/ENGRD%202700%20Review%20Session
Dec  7 12:04:33: access: connection for localhost from ::1 (Mozilla/5.0 (Macintosh; Intel Mac OS X 10_12_3) AppleWebKit/537.36 (KHTML, like Gecko) Chrome/62.0.3202.94 Safari/537.36): event/ENGRD%202700%20Review%20Session
Dec  7 12:04:33: access: connection for localhost from ::1 (Mozilla/5.0 (Macintosh; Intel Mac OS X 10_12_3) AppleWebKit/537.36 (KHTML, like Gecko) Chrome/62.0.3202.94 Safari/537.36): event/ENGRD%202700%20Review%20Session
Dec  7 12:04:36: access: connection for localhost from ::1 (Mozilla/5.0 (Macintosh; Intel Mac OS X 10_12_3) AppleWebKit/537.36 (KHTML, like Gecko) Chrome/62.0.3202.94 Safari/537.36): event/ENGRD%202700%20Review%20Session
Dec  7 12:04:36: access: connection for localhost from ::1 (Mozilla/5.0 (Macintosh; Intel Mac OS X 10_12_3) AppleWebKit/537.36 (KHTML, like Gecko) Chrome/62.0.3202.94 Safari/537.36): Coodle.js
Dec  7 12:04:38: access: connection for localhost from ::1 (Mozilla/5.0 (Macintosh; Intel Mac OS X 10_12_3) AppleWebKit/537.36 (KHTML, like Gecko) Chrome/62.0.3202.94 Safari/537.36): event/ENGRD%202700%20Review%20Session
Dec  7 12:04:38: access: connection for localhost from ::1 (Mozilla/5.0 (Macintosh; Intel Mac OS X 10_12_3) AppleWebKit/537.36 (KHTML, like Gecko) Chrome/62.0.3202.94 Safari/537.36): event/ENGRD%202700%20Review%20Session
Dec  7 12:04:41: access: connection for localhost from ::1 (Mozilla/5.0 (Macintosh; Intel Mac OS X 10_12_3) AppleWebKit/537.36 (KHTML, like Gecko) Chrome/62.0.3202.94 Safari/537.36): event/ENGRD%202700%20Review%20Session
Dec  7 12:04:41: access: connection for localhost from ::1 (Mozilla/5.0 (Macintosh; Intel Mac OS X 10_12_3) AppleWebKit/537.36 (KHTML, like Gecko) Chrome/62.0.3202.94 Safari/537.36): event/ENGRD%202700%20Review%20Session
Dec  7 12:04:43: access: connection for localhost from ::1 (Mozilla/5.0 (Macintosh; Intel Mac OS X 10_12_3) AppleWebKit/537.36 (KHTML, like Gecko) Chrome/62.0.3202.94 Safari/537.36): event/ENGRD%202700%20Review%20Session
Dec  7 12:04:43: access: connection for localhost from ::1 (Mozilla/5.0 (Macintosh; Intel Mac OS X 10_12_3) AppleWebKit/537.36 (KHTML, like Gecko) Chrome/62.0.3202.94 Safari/537.36): css/coodle.css
Dec  7 12:04:43: access: connection for localhost from ::1 (Mozilla/5.0 (Macintosh; Intel Mac OS X 10_12_3) AppleWebKit/537.36 (KHTML, like Gecko) Chrome/62.0.3202.94 Safari/537.36): Coodle.js
Dec  7 12:04:45: access: connection for localhost from ::1 (Mozilla/5.0 (Macintosh; Intel Mac OS X 10_12_3) AppleWebKit/537.36 (KHTML, like Gecko) Chrome/62.0.3202.94 Safari/537.36): event/ENGRD%202700%20Review%20Session
Dec  7 12:04:45: access: connection for localhost from ::1 (Mozilla/5.0 (Macintosh; Intel Mac OS X 10_12_3) AppleWebKit/537.36 (KHTML, like Gecko) Chrome/62.0.3202.94 Safari/537.36): event/ENGRD%202700%20Review%20Session
Dec  7 12:04:46: access: connection for localhost from ::1 (Mozilla/5.0 (Macintosh; Intel Mac OS X 10_12_3) AppleWebKit/537.36 (KHTML, like Gecko) Chrome/62.0.3202.94 Safari/537.36): event/ENGRD%202700%20Review%20Session
Dec  7 12:04:46: access: connection for localhost from ::1 (Mozilla/5.0 (Macintosh; Intel Mac OS X 10_12_3) AppleWebKit/537.36 (KHTML, like Gecko) Chrome/62.0.3202.94 Safari/537.36): event/ENGRD%202700%20Review%20Session
Dec  7 12:04:50: access: connection for localhost from ::1 (Mozilla/5.0 (Macintosh; Intel Mac OS X 10_12_3) AppleWebKit/537.36 (KHTML, like Gecko) Chrome/62.0.3202.94 Safari/537.36): event/ENGRD%202700%20Review%20Session
Dec  7 12:04:52: access: connection for localhost from ::1 (Mozilla/5.0 (Macintosh; Intel Mac OS X 10_12_3) AppleWebKit/537.36 (KHTML, like Gecko) Chrome/62.0.3202.94 Safari/537.36): event/ENGRD%202700%20Review%20Session
Dec  7 12:04:52: access: connection for localhost from ::1 (Mozilla/5.0 (Macintosh; Intel Mac OS X 10_12_3) AppleWebKit/537.36 (KHTML, like Gecko) Chrome/62.0.3202.94 Safari/537.36): event/ENGRD%202700%20Review%20Session
Dec  7 12:04:53: access: connection for localhost from ::1 (Mozilla/5.0 (Macintosh; Intel Mac OS X 10_12_3) AppleWebKit/537.36 (KHTML, like Gecko) Chrome/62.0.3202.94 Safari/537.36): event/ENGRD%202700%20Review%20Session
Dec  7 12:04:53: access: connection for localhost from ::1 (Mozilla/5.0 (Macintosh; Intel Mac OS X 10_12_3) AppleWebKit/537.36 (KHTML, like Gecko) Chrome/62.0.3202.94 Safari/537.36): event/ENGRD%202700%20Review%20Session
Dec  7 12:04:57: access: connection for localhost from ::1 (Mozilla/5.0 (Macintosh; Intel Mac OS X 10_12_3) AppleWebKit/537.36 (KHTML, like Gecko) Chrome/62.0.3202.94 Safari/537.36): event/ENGRD%202700%20Review%20Session
Dec  7 12:04:57: access: connection for localhost from ::1 (Mozilla/5.0 (Macintosh; Intel Mac OS X 10_12_3) AppleWebKit/537.36 (KHTML, like Gecko) Chrome/62.0.3202.94 Safari/537.36): Coodle.js
Dec  7 12:05:01: access: connection for localhost from ::1 (Mozilla/5.0 (Macintosh; Intel Mac OS X 10_12_3) AppleWebKit/537.36 (KHTML, like Gecko) Chrome/62.0.3202.94 Safari/537.36): event/ENGRD%202700%20Review%20Session
Dec  7 12:05:01: access: connection for localhost from ::1 (Mozilla/5.0 (Macintosh; Intel Mac OS X 10_12_3) AppleWebKit/537.36 (KHTML, like Gecko) Chrome/62.0.3202.94 Safari/537.36): event/ENGRD%202700%20Review%20Session
Dec  7 12:05:07: access: connection for localhost from ::1 (Mozilla/5.0 (Macintosh; Intel Mac OS X 10_12_3) AppleWebKit/537.36 (KHTML, like Gecko) Chrome/62.0.3202.94 Safari/537.36): event/ENGRD%202700%20Review%20Session
Dec  7 12:05:07: access: connection for localhost from ::1 (Mozilla/5.0 (Macintosh; Intel Mac OS X 10_12_3) AppleWebKit/537.36 (KHTML, like Gecko) Chrome/62.0.3202.94 Safari/537.36): event/ENGRD%202700%20Review%20Session
Dec  7 12:05:09: access: connection for localhost from ::1 (Mozilla/5.0 (Macintosh; Intel Mac OS X 10_12_3) AppleWebKit/537.36 (KHTML, like Gecko) Chrome/62.0.3202.94 Safari/537.36): event/ENGRD%202700%20Review%20Session
Dec  7 12:05:09: access: connection for localhost from ::1 (Mozilla/5.0 (Macintosh; Intel Mac OS X 10_12_3) AppleWebKit/537.36 (KHTML, like Gecko) Chrome/62.0.3202.94 Safari/537.36): Coodle.js
Dec  7 12:05:14: access: connection for localhost from ::1 (Mozilla/5.0 (Macintosh; Intel Mac OS X 10_12_3) AppleWebKit/537.36 (KHTML, like Gecko) Chrome/62.0.3202.94 Safari/537.36): event/ENGRD%202700%20Review%20Session
Dec  7 12:05:14: access: connection for localhost from ::1 (Mozilla/5.0 (Macintosh; Intel Mac OS X 10_12_3) AppleWebKit/537.36 (KHTML, like Gecko) Chrome/62.0.3202.94 Safari/537.36): event/ENGRD%202700%20Review%20Session
Dec  7 12:05:15: access: connection for localhost from ::1 (Mozilla/5.0 (Macintosh; Intel Mac OS X 10_12_3) AppleWebKit/537.36 (KHTML, like Gecko) Chrome/62.0.3202.94 Safari/537.36): event/ENGRD%202700%20Review%20Session
Dec  7 12:05:15: access: connection for localhost from ::1 (Mozilla/5.0 (Macintosh; Intel Mac OS X 10_12_3) AppleWebKit/537.36 (KHTML, like Gecko) Chrome/62.0.3202.94 Safari/537.36): event/ENGRD%202700%20Review%20Session
Dec  7 12:05:18: access: connection for localhost from ::1 (Mozilla/5.0 (Macintosh; Intel Mac OS X 10_12_3) AppleWebKit/537.36 (KHTML, like Gecko) Chrome/62.0.3202.94 Safari/537.36): event/ENGRD%202700%20Review%20Session
Dec  7 12:05:18: access: connection for localhost from ::1 (Mozilla/5.0 (Macintosh; Intel Mac OS X 10_12_3) AppleWebKit/537.36 (KHTML, like Gecko) Chrome/62.0.3202.94 Safari/537.36): event/ENGRD%202700%20Review%20Session
Dec  7 12:05:19: access: connection for localhost from ::1 (Mozilla/5.0 (Macintosh; Intel Mac OS X 10_12_3) AppleWebKit/537.36 (KHTML, like Gecko) Chrome/62.0.3202.94 Safari/537.36): event/ENGRD%202700%20Review%20Session
Dec  7 12:05:24: access: connection for localhost from ::1 (Mozilla/5.0 (Macintosh; Intel Mac OS X 10_12_3) AppleWebKit/537.36 (KHTML, like Gecko) Chrome/62.0.3202.94 Safari/537.36): event/ENGRD%202700%20Review%20Session
Dec  7 12:05:24: access: connection for localhost from ::1 (Mozilla/5.0 (Macintosh; Intel Mac OS X 10_12_3) AppleWebKit/537.36 (KHTML, like Gecko) Chrome/62.0.3202.94 Safari/537.36): event/ENGRD%202700%20Review%20Session
Dec  7 12:05:24: access: connection for localhost from ::1 (Mozilla/5.0 (Macintosh; Intel Mac OS X 10_12_3) AppleWebKit/537.36 (KHTML, like Gecko) Chrome/62.0.3202.94 Safari/537.36): event/ENGRD%202700%20Review%20Session
Dec  7 12:05:24: access: connection for localhost from ::1 (Mozilla/5.0 (Macintosh; Intel Mac OS X 10_12_3) AppleWebKit/537.36 (KHTML, like Gecko) Chrome/62.0.3202.94 Safari/537.36): event/ENGRD%202700%20Review%20Session
Dec  7 12:05:26: access: connection for localhost from ::1 (Mozilla/5.0 (Macintosh; Intel Mac OS X 10_12_3) AppleWebKit/537.36 (KHTML, like Gecko) Chrome/62.0.3202.94 Safari/537.36): event/ENGRD%202700%20Review%20Session
Dec  7 12:05:26: access: connection for localhost from ::1 (Mozilla/5.0 (Macintosh; Intel Mac OS X 10_12_3) AppleWebKit/537.36 (KHTML, like Gecko) Chrome/62.0.3202.94 Safari/537.36): Coodle.js
Dec  7 12:06:04: access: connection for localhost from ::1 (Mozilla/5.0 (Macintosh; Intel Mac OS X 10_12_3) AppleWebKit/537.36 (KHTML, like Gecko) Chrome/62.0.3202.94 Safari/537.36): event/ENGRD%202700%20Review%20Session
Dec  7 12:06:04: access: connection for localhost from ::1 (Mozilla/5.0 (Macintosh; Intel Mac OS X 10_12_3) AppleWebKit/537.36 (KHTML, like Gecko) Chrome/62.0.3202.94 Safari/537.36): event/ENGRD%202700%20Review%20Session
Dec  7 12:06:05: access: connection for localhost from ::1 (Mozilla/5.0 (Macintosh; Intel Mac OS X 10_12_3) AppleWebKit/537.36 (KHTML, like Gecko) Chrome/62.0.3202.94 Safari/537.36): event/ENGRD%202700%20Review%20Session
Dec  7 12:06:05: access: connection for localhost from ::1 (Mozilla/5.0 (Macintosh; Intel Mac OS X 10_12_3) AppleWebKit/537.36 (KHTML, like Gecko) Chrome/62.0.3202.94 Safari/537.36): event/ENGRD%202700%20Review%20Session
Dec  7 12:06:07: access: connection for localhost from ::1 (Mozilla/5.0 (Macintosh; Intel Mac OS X 10_12_3) AppleWebKit/537.36 (KHTML, like Gecko) Chrome/62.0.3202.94 Safari/537.36): event/ENGRD%202700%20Review%20Session
Dec  7 12:06:07: access: connection for localhost from ::1 (Mozilla/5.0 (Macintosh; Intel Mac OS X 10_12_3) AppleWebKit/537.36 (KHTML, like Gecko) Chrome/62.0.3202.94 Safari/537.36): css/coodle.css
Dec  7 12:06:07: access: connection for localhost from ::1 (Mozilla/5.0 (Macintosh; Intel Mac OS X 10_12_3) AppleWebKit/537.36 (KHTML, like Gecko) Chrome/62.0.3202.94 Safari/537.36): Coodle.js
Dec  7 12:06:10: access: connection for localhost from ::1 (Mozilla/5.0 (Macintosh; Intel Mac OS X 10_12_3) AppleWebKit/537.36 (KHTML, like Gecko) Chrome/62.0.3202.94 Safari/537.36): event/ENGRD%202700%20Review%20Session
Dec  7 12:06:11: access: connection for localhost from ::1 (Mozilla/5.0 (Macintosh; Intel Mac OS X 10_12_3) AppleWebKit/537.36 (KHTML, like Gecko) Chrome/62.0.3202.94 Safari/537.36): event/ENGRD%202700%20Review%20Session
Dec  7 12:06:11: access: connection for localhost from ::1 (Mozilla/5.0 (Macintosh; Intel Mac OS X 10_12_3) AppleWebKit/537.36 (KHTML, like Gecko) Chrome/62.0.3202.94 Safari/537.36): event/ENGRD%202700%20Review%20Session
Dec  7 12:06:11: access: connection for localhost from ::1 (Mozilla/5.0 (Macintosh; Intel Mac OS X 10_12_3) AppleWebKit/537.36 (KHTML, like Gecko) Chrome/62.0.3202.94 Safari/537.36): event/ENGRD%202700%20Review%20Session
Dec  7 12:06:14: access: connection for localhost from ::1 (Mozilla/5.0 (Macintosh; Intel Mac OS X 10_12_3) AppleWebKit/537.36 (KHTML, like Gecko) Chrome/62.0.3202.94 Safari/537.36): event/ENGRD%202700%20Review%20Session
Dec  7 12:06:16: access: connection for localhost from ::1 (Mozilla/5.0 (Macintosh; Intel Mac OS X 10_12_3) AppleWebKit/537.36 (KHTML, like Gecko) Chrome/62.0.3202.94 Safari/537.36): event/ENGRD%202700%20Review%20Session
Dec  7 12:06:16: access: connection for localhost from ::1 (Mozilla/5.0 (Macintosh; Intel Mac OS X 10_12_3) AppleWebKit/537.36 (KHTML, like Gecko) Chrome/62.0.3202.94 Safari/537.36): event/ENGRD%202700%20Review%20Session
Dec  7 12:06:17: access: connection for localhost from ::1 (Mozilla/5.0 (Macintosh; Intel Mac OS X 10_12_3) AppleWebKit/537.36 (KHTML, like Gecko) Chrome/62.0.3202.94 Safari/537.36): event/ENGRD%202700%20Review%20Session
Dec  7 12:06:17: access: connection for localhost from ::1 (Mozilla/5.0 (Macintosh; Intel Mac OS X 10_12_3) AppleWebKit/537.36 (KHTML, like Gecko) Chrome/62.0.3202.94 Safari/537.36): event/ENGRD%202700%20Review%20Session
Dec  7 12:06:18: access: connection for localhost from ::1 (Mozilla/5.0 (Macintosh; Intel Mac OS X 10_12_3) AppleWebKit/537.36 (KHTML, like Gecko) Chrome/62.0.3202.94 Safari/537.36): event/ENGRD%202700%20Review%20Session
Dec  7 12:06:20: access: connection for localhost from ::1 (Mozilla/5.0 (Macintosh; Intel Mac OS X 10_12_3) AppleWebKit/537.36 (KHTML, like Gecko) Chrome/62.0.3202.94 Safari/537.36): event/ENGRD%202700%20Review%20Session
Dec  7 12:06:20: access: connection for localhost from ::1 (Mozilla/5.0 (Macintosh; Intel Mac OS X 10_12_3) AppleWebKit/537.36 (KHTML, like Gecko) Chrome/62.0.3202.94 Safari/537.36): event/ENGRD%202700%20Review%20Session
Dec  7 12:06:20: access: connection for localhost from ::1 (Mozilla/5.0 (Macintosh; Intel Mac OS X 10_12_3) AppleWebKit/537.36 (KHTML, like Gecko) Chrome/62.0.3202.94 Safari/537.36): event/ENGRD%202700%20Review%20Session
Dec  7 12:06:20: access: connection for localhost from ::1 (Mozilla/5.0 (Macintosh; Intel Mac OS X 10_12_3) AppleWebKit/537.36 (KHTML, like Gecko) Chrome/62.0.3202.94 Safari/537.36): event/ENGRD%202700%20Review%20Session
Dec  7 12:06:21: access: connection for localhost from ::1 (Mozilla/5.0 (Macintosh; Intel Mac OS X 10_12_3) AppleWebKit/537.36 (KHTML, like Gecko) Chrome/62.0.3202.94 Safari/537.36): event/ENGRD%202700%20Review%20Session
Dec  7 12:06:24: access: connection for localhost from ::1 (Mozilla/5.0 (Macintosh; Intel Mac OS X 10_12_3) AppleWebKit/537.36 (KHTML, like Gecko) Chrome/62.0.3202.94 Safari/537.36): event/ENGRD%202700%20Review%20Session
Dec  7 12:06:24: access: connection for localhost from ::1 (Mozilla/5.0 (Macintosh; Intel Mac OS X 10_12_3) AppleWebKit/537.36 (KHTML, like Gecko) Chrome/62.0.3202.94 Safari/537.36): event/ENGRD%202700%20Review%20Session
Dec  7 12:06:26: access: connection for localhost from ::1 (Mozilla/5.0 (Macintosh; Intel Mac OS X 10_12_3) AppleWebKit/537.36 (KHTML, like Gecko) Chrome/62.0.3202.94 Safari/537.36): event/ENGRD%202700%20Review%20Session
Dec  7 12:06:26: access: connection for localhost from ::1 (Mozilla/5.0 (Macintosh; Intel Mac OS X 10_12_3) AppleWebKit/537.36 (KHTML, like Gecko) Chrome/62.0.3202.94 Safari/537.36): event/ENGRD%202700%20Review%20Session
Dec  7 12:06:28: access: connection for localhost from ::1 (Mozilla/5.0 (Macintosh; Intel Mac OS X 10_12_3) AppleWebKit/537.36 (KHTML, like Gecko) Chrome/62.0.3202.94 Safari/537.36): event/ENGRD%202700%20Review%20Session
Dec  7 12:06:28: access: connection for localhost from ::1 (Mozilla/5.0 (Macintosh; Intel Mac OS X 10_12_3) AppleWebKit/537.36 (KHTML, like Gecko) Chrome/62.0.3202.94 Safari/537.36): Coodle.js
